<?xml version="1.0" encoding="UTF-8"?>
<!-- Generated by org.testng.reporters.JUnitReportReporter -->
<testsuite hostname="DESKTOP-6S92QN9" failures="0" tests="1" name="com.selenium.scripts.OrangeHRMSLogin" time="19.196" errors="0" timestamp="2022-07-21T16:36:06 IST" skipped="0">
  <testcase classname="com.selenium.scripts.OrangeHRMSLogin" name="ForgetPasswordLink" time="19.196"/>
  <system-out/>
</testsuite> <!-- com.selenium.scripts.OrangeHRMSLogin -->
